2025-09-17T16:31:15.613-03:00  INFO 31508 --- [viaseguraapi] [main] c.g.s.v.ViaseguraapiApplication          : Starting ViaseguraapiApplication using Java 21.0.6 with PID 31508 (C:\Users\pviniciusl\projetos_intellij\viaseguraapi\target\classes started by pviniciusl in C:\Users\pviniciusl\projetos_intellij\viaseguraapi)
2025-09-17T16:31:15.617-03:00 DEBUG 31508 --- [viaseguraapi] [main] c.g.s.v.ViaseguraapiApplication          : Running with Spring Boot v3.5.5, Spring v6.2.10
2025-09-17T16:31:15.618-03:00  INFO 31508 --- [viaseguraapi] [main] c.g.s.v.ViaseguraapiApplication          : No active profile set, falling back to 1 default profile: "default"
2025-09-17T16:31:17.767-03:00 DEBUG 31508 --- [viaseguraapi] [main] o.s.w.f.ServerHttpObservationFilter      : Filter 'webMvcObservationFilter' configured for use
2025-09-17T16:31:19.283-03:00  WARN 31508 --- [viaseguraapi] [main] JpaBaseConfiguration$JpaWebConfiguration : spring.jpa.open-in-view is enabled by default. Therefore, database queries may be performed during view rendering. Explicitly configure spring.jpa.open-in-view to disable this warning
2025-09-17T16:31:19.499-03:00 DEBUG 31508 --- [viaseguraapi] [main] s.w.s.m.m.a.RequestMappingHandlerMapping : 2 mappings in 'requestMappingHandlerMapping'
2025-09-17T16:31:19.600-03:00 DEBUG 31508 --- [viaseguraapi] [main] o.s.w.s.handler.SimpleUrlHandlerMapping  : Patterns [/webjars/**, /**] in 'resourceHandlerMapping'
2025-09-17T16:31:19.643-03:00 DEBUG 31508 --- [viaseguraapi] [main] s.w.s.m.m.a.RequestMappingHandlerAdapter : ControllerAdvice beans: 0 @ModelAttribute, 0 @InitBinder, 1 RequestBodyAdvice, 1 ResponseBodyAdvice
2025-09-17T16:31:19.713-03:00 DEBUG 31508 --- [viaseguraapi] [main] .m.m.a.ExceptionHandlerExceptionResolver : ControllerAdvice beans: 0 @ExceptionHandler, 1 ResponseBodyAdvice
2025-09-17T16:31:20.023-03:00 TRACE 31508 --- [viaseguraapi] [main] eGlobalAuthenticationAutowiredConfigurer : Eagerly initializing {org.springframework.boot.autoconfigure.security.servlet.SpringBootWebSecurityConfiguration$WebSecurityEnablerConfiguration=org.springframework.boot.autoconfigure.security.servlet.SpringBootWebSecurityConfiguration$WebSecurityEnablerConfiguration@5693d1d2}
2025-09-17T16:31:20.025-03:00 DEBUG 31508 --- [viaseguraapi] [main] swordEncoderAuthenticationManagerBuilder : No authenticationProviders and no parentAuthenticationManager defined. Returning null.
2025-09-17T16:31:20.195-03:00 DEBUG 31508 --- [viaseguraapi] [main] o.s.s.web.DefaultSecurityFilterChain     : Will secure any request with filters: DisableEncodeUrlFilter, WebAsyncManagerIntegrationFilter, SecurityContextHolderFilter, HeaderWriterFilter, CsrfFilter, LogoutFilter, OAuth2AuthorizationRequestRedirectFilter, OAuth2AuthorizationRequestRedirectFilter, OAuth2LoginAuthenticationFilter, DefaultResourcesFilter, DefaultLoginPageGeneratingFilter, DefaultLogoutPageGeneratingFilter, RequestCacheAwareFilter, SecurityContextHolderAwareRequestFilter, AnonymousAuthenticationFilter, OAuth2AuthorizationCodeGrantFilter, ExceptionTranslationFilter, AuthorizationFilter
2025-09-17T16:31:20.788-03:00  INFO 31508 --- [viaseguraapi] [main] c.g.s.v.ViaseguraapiApplication          : Started ViaseguraapiApplication in 5.801 seconds (process running for 6.522)
2025-09-17T16:33:24.585-03:00  INFO 14276 --- [viaseguraapi] [main] c.g.s.v.ViaseguraapiApplication          : Starting ViaseguraapiApplication using Java 21.0.6 with PID 14276 (C:\Users\pviniciusl\projetos_intellij\viaseguraapi\target\classes started by pviniciusl in C:\Users\pviniciusl\projetos_intellij\viaseguraapi)
2025-09-17T16:33:24.588-03:00 DEBUG 14276 --- [viaseguraapi] [main] c.g.s.v.ViaseguraapiApplication          : Running with Spring Boot v3.5.5, Spring v6.2.10
2025-09-17T16:33:24.589-03:00  INFO 14276 --- [viaseguraapi] [main] c.g.s.v.ViaseguraapiApplication          : No active profile set, falling back to 1 default profile: "default"
2025-09-17T16:33:26.820-03:00 DEBUG 14276 --- [viaseguraapi] [main] o.s.w.f.ServerHttpObservationFilter      : Filter 'webMvcObservationFilter' configured for use
2025-09-17T16:33:26.863-03:00  INFO 14276 --- [viaseguraapi] [main] c.g.s.v.config.DatabaseConfiguration     : Iniciando conex達o com o banco na URL: jdbc:postgresql://localhost:5432/viasegura
2025-09-17T16:33:26.872-03:00  WARN 14276 --- [viaseguraapi] [main] com.zaxxer.hikari.HikariConfig           : library-db-pool - idleTimeout is close to or more than maxLifetime, disabling it.
2025-09-17T16:33:28.296-03:00  WARN 14276 --- [viaseguraapi] [main] JpaBaseConfiguration$JpaWebConfiguration : spring.jpa.open-in-view is enabled by default. Therefore, database queries may be performed during view rendering. Explicitly configure spring.jpa.open-in-view to disable this warning
2025-09-17T16:33:28.580-03:00 DEBUG 14276 --- [viaseguraapi] [main] s.w.s.m.m.a.RequestMappingHandlerMapping : 2 mappings in 'requestMappingHandlerMapping'
2025-09-17T16:33:28.735-03:00 DEBUG 14276 --- [viaseguraapi] [main] o.s.w.s.handler.SimpleUrlHandlerMapping  : Patterns [/webjars/**, /**] in 'resourceHandlerMapping'
2025-09-17T16:33:28.787-03:00 DEBUG 14276 --- [viaseguraapi] [main] s.w.s.m.m.a.RequestMappingHandlerAdapter : ControllerAdvice beans: 0 @ModelAttribute, 0 @InitBinder, 1 RequestBodyAdvice, 1 ResponseBodyAdvice
2025-09-17T16:33:28.847-03:00 DEBUG 14276 --- [viaseguraapi] [main] .m.m.a.ExceptionHandlerExceptionResolver : ControllerAdvice beans: 0 @ExceptionHandler, 1 ResponseBodyAdvice
2025-09-17T16:33:29.145-03:00 TRACE 14276 --- [viaseguraapi] [main] eGlobalAuthenticationAutowiredConfigurer : Eagerly initializing {org.springframework.boot.autoconfigure.security.servlet.SpringBootWebSecurityConfiguration$WebSecurityEnablerConfiguration=org.springframework.boot.autoconfigure.security.servlet.SpringBootWebSecurityConfiguration$WebSecurityEnablerConfiguration@151d216e}
2025-09-17T16:33:29.146-03:00 DEBUG 14276 --- [viaseguraapi] [main] swordEncoderAuthenticationManagerBuilder : No authenticationProviders and no parentAuthenticationManager defined. Returning null.
2025-09-17T16:33:29.306-03:00 DEBUG 14276 --- [viaseguraapi] [main] o.s.s.web.DefaultSecurityFilterChain     : Will secure any request with filters: DisableEncodeUrlFilter, WebAsyncManagerIntegrationFilter, SecurityContextHolderFilter, HeaderWriterFilter, CsrfFilter, LogoutFilter, OAuth2AuthorizationRequestRedirectFilter, OAuth2AuthorizationRequestRedirectFilter, OAuth2LoginAuthenticationFilter, DefaultResourcesFilter, DefaultLoginPageGeneratingFilter, DefaultLogoutPageGeneratingFilter, RequestCacheAwareFilter, SecurityContextHolderAwareRequestFilter, AnonymousAuthenticationFilter, OAuth2AuthorizationCodeGrantFilter, ExceptionTranslationFilter, AuthorizationFilter
2025-09-17T16:33:29.917-03:00  INFO 14276 --- [viaseguraapi] [main] c.g.s.v.ViaseguraapiApplication          : Started ViaseguraapiApplication in 5.945 seconds (process running for 6.752)
2025-09-17T17:18:58.945-03:00  INFO 7392 --- [viaseguraapi] [main] c.g.s.viaseguraapi.Application           : Starting Application using Java 21.0.6 with PID 7392 (C:\Users\pviniciusl\projetos_intellij\viaseguraapi\target\classes started by pviniciusl in C:\Users\pviniciusl\projetos_intellij\viaseguraapi)
2025-09-17T17:18:58.948-03:00 DEBUG 7392 --- [viaseguraapi] [main] c.g.s.viaseguraapi.Application           : Running with Spring Boot v3.5.5, Spring v6.2.10
2025-09-17T17:18:58.949-03:00  INFO 7392 --- [viaseguraapi] [main] c.g.s.viaseguraapi.Application           : No active profile set, falling back to 1 default profile: "default"
2025-09-17T17:19:01.945-03:00 DEBUG 7392 --- [viaseguraapi] [main] o.s.w.f.ServerHttpObservationFilter      : Filter 'webMvcObservationFilter' configured for use
2025-09-17T17:19:02.021-03:00  INFO 7392 --- [viaseguraapi] [main] c.g.s.v.config.DatabaseConfiguration     : Iniciando conex達o com o banco na URL: jdbc:postgresql://localhost:5432/viasegura
2025-09-17T17:19:02.036-03:00  WARN 7392 --- [viaseguraapi] [main] com.zaxxer.hikari.HikariConfig           : library-db-pool - idleTimeout is close to or more than maxLifetime, disabling it.
2025-09-17T17:19:03.985-03:00  WARN 7392 --- [viaseguraapi] [main] ConfigServletWebServerApplicationContext : Exception encountered during context initialization - cancelling refresh attempt: org.springframework.beans.factory.UnsatisfiedDependencyException: Error creating bean with name 'usuarioController' defined in file [C:\Users\pviniciusl\projetos_intellij\viaseguraapi\target\classes\com\github\sugayamidori\viaseguraapi\controller\UsuarioController.class]: Unsatisfied dependency expressed through constructor parameter 0: Error creating bean with name 'usuarioService' defined in file [C:\Users\pviniciusl\projetos_intellij\viaseguraapi\target\classes\com\github\sugayamidori\viaseguraapi\service\UsuarioService.class]: Unsatisfied dependency expressed through constructor parameter 1: No qualifying bean of type 'org.springframework.security.crypto.password.PasswordEncoder' available: expected at least 1 bean which qualifies as autowire candidate. Dependency annotations: {}
2025-09-17T17:19:04.033-03:00 ERROR 7392 --- [viaseguraapi] [main] o.s.b.d.LoggingFailureAnalysisReporter   : 

***************************
APPLICATION FAILED TO START
***************************

Description:

Parameter 1 of constructor in com.github.sugayamidori.viaseguraapi.service.UsuarioService required a bean of type 'org.springframework.security.crypto.password.PasswordEncoder' that could not be found.


Action:

Consider defining a bean of type 'org.springframework.security.crypto.password.PasswordEncoder' in your configuration.

2025-09-17T17:31:38.762-03:00  INFO 26764 --- [viaseguraapi] [main] c.g.s.viaseguraapi.Application           : Starting Application using Java 21.0.6 with PID 26764 (C:\Users\pviniciusl\projetos_intellij\viaseguraapi\target\classes started by pviniciusl in C:\Users\pviniciusl\projetos_intellij\viaseguraapi)
2025-09-17T17:31:38.765-03:00 DEBUG 26764 --- [viaseguraapi] [main] c.g.s.viaseguraapi.Application           : Running with Spring Boot v3.5.5, Spring v6.2.10
2025-09-17T17:31:38.766-03:00  INFO 26764 --- [viaseguraapi] [main] c.g.s.viaseguraapi.Application           : No active profile set, falling back to 1 default profile: "default"
2025-09-17T17:31:41.788-03:00 DEBUG 26764 --- [viaseguraapi] [main] o.s.w.f.ServerHttpObservationFilter      : Filter 'webMvcObservationFilter' configured for use
2025-09-17T17:31:41.833-03:00  INFO 26764 --- [viaseguraapi] [main] c.g.s.v.config.DatabaseConfiguration     : Iniciando conex達o com o banco na URL: jdbc:postgresql://localhost:5432/viasegura
2025-09-17T17:31:41.849-03:00  WARN 26764 --- [viaseguraapi] [main] com.zaxxer.hikari.HikariConfig           : library-db-pool - idleTimeout is close to or more than maxLifetime, disabling it.
2025-09-17T17:31:43.703-03:00  WARN 26764 --- [viaseguraapi] [main] JpaBaseConfiguration$JpaWebConfiguration : spring.jpa.open-in-view is enabled by default. Therefore, database queries may be performed during view rendering. Explicitly configure spring.jpa.open-in-view to disable this warning
2025-09-17T17:31:43.816-03:00 DEBUG 26764 --- [viaseguraapi] [main] s.w.s.m.m.a.RequestMappingHandlerMapping : 3 mappings in 'requestMappingHandlerMapping'
2025-09-17T17:31:43.915-03:00 DEBUG 26764 --- [viaseguraapi] [main] o.s.w.s.handler.SimpleUrlHandlerMapping  : Patterns [/webjars/**, /**] in 'resourceHandlerMapping'
2025-09-17T17:31:44.087-03:00 TRACE 26764 --- [viaseguraapi] [main] eGlobalAuthenticationAutowiredConfigurer : Eagerly initializing {authorizationServerConfiguration=com.github.sugayamidori.viaseguraapi.config.AuthorizationServerConfiguration$$SpringCGLIB$$0@6dc7b7f}
2025-09-17T17:31:44.089-03:00 DEBUG 26764 --- [viaseguraapi] [main] swordEncoderAuthenticationManagerBuilder : No authenticationProviders and no parentAuthenticationManager defined. Returning null.
2025-09-17T17:31:44.327-03:00 DEBUG 26764 --- [viaseguraapi] [main] o.s.s.web.DefaultSecurityFilterChain     : Will secure any request with filters: DisableEncodeUrlFilter, WebAsyncManagerIntegrationFilter, SecurityContextHolderFilter, HeaderWriterFilter, CsrfFilter, LogoutFilter, OAuth2AuthorizationRequestRedirectFilter, OAuth2AuthorizationRequestRedirectFilter, OAuth2LoginAuthenticationFilter, DefaultResourcesFilter, DefaultLoginPageGeneratingFilter, DefaultLogoutPageGeneratingFilter, RequestCacheAwareFilter, SecurityContextHolderAwareRequestFilter, AnonymousAuthenticationFilter, OAuth2AuthorizationCodeGrantFilter, ExceptionTranslationFilter, AuthorizationFilter
2025-09-17T17:31:44.416-03:00 DEBUG 26764 --- [viaseguraapi] [main] s.w.s.m.m.a.RequestMappingHandlerAdapter : ControllerAdvice beans: 0 @ModelAttribute, 0 @InitBinder, 1 RequestBodyAdvice, 1 ResponseBodyAdvice
2025-09-17T17:31:44.460-03:00 DEBUG 26764 --- [viaseguraapi] [main] .m.m.a.ExceptionHandlerExceptionResolver : ControllerAdvice beans: 1 @ExceptionHandler, 1 ResponseBodyAdvice
2025-09-17T17:31:44.988-03:00  INFO 26764 --- [viaseguraapi] [main] c.g.s.viaseguraapi.Application           : Started Application in 6.869 seconds (process running for 7.843)
2025-09-17T17:38:53.927-03:00  INFO 31272 --- [viaseguraapi] [main] c.g.s.viaseguraapi.Application           : Starting Application using Java 21.0.6 with PID 31272 (C:\Users\pviniciusl\projetos_intellij\viaseguraapi\target\classes started by pviniciusl in C:\Users\pviniciusl\projetos_intellij\viaseguraapi)
2025-09-17T17:38:53.929-03:00 DEBUG 31272 --- [viaseguraapi] [main] c.g.s.viaseguraapi.Application           : Running with Spring Boot v3.5.5, Spring v6.2.10
2025-09-17T17:38:53.930-03:00  INFO 31272 --- [viaseguraapi] [main] c.g.s.viaseguraapi.Application           : No active profile set, falling back to 1 default profile: "default"
2025-09-17T17:38:56.680-03:00 DEBUG 31272 --- [viaseguraapi] [main] o.s.w.f.ServerHttpObservationFilter      : Filter 'webMvcObservationFilter' configured for use
2025-09-17T17:38:56.738-03:00  INFO 31272 --- [viaseguraapi] [main] c.g.s.v.config.DatabaseConfiguration     : Iniciando conex達o com o banco na URL: jdbc:postgresql://localhost:5432/viasegura
2025-09-17T17:38:56.751-03:00  WARN 31272 --- [viaseguraapi] [main] com.zaxxer.hikari.HikariConfig           : library-db-pool - idleTimeout is close to or more than maxLifetime, disabling it.
2025-09-17T17:38:59.036-03:00  WARN 31272 --- [viaseguraapi] [main] JpaBaseConfiguration$JpaWebConfiguration : spring.jpa.open-in-view is enabled by default. Therefore, database queries may be performed during view rendering. Explicitly configure spring.jpa.open-in-view to disable this warning
2025-09-17T17:38:59.180-03:00 DEBUG 31272 --- [viaseguraapi] [main] s.w.s.m.m.a.RequestMappingHandlerMapping : 4 mappings in 'requestMappingHandlerMapping'
2025-09-17T17:38:59.298-03:00 DEBUG 31272 --- [viaseguraapi] [main] o.s.w.s.handler.SimpleUrlHandlerMapping  : Patterns [/webjars/**, /**] in 'resourceHandlerMapping'
2025-09-17T17:38:59.469-03:00 TRACE 31272 --- [viaseguraapi] [main] eGlobalAuthenticationAutowiredConfigurer : Eagerly initializing {authorizationServerConfiguration=com.github.sugayamidori.viaseguraapi.config.AuthorizationServerConfiguration$$SpringCGLIB$$0@32eac39b}
2025-09-17T17:38:59.471-03:00 DEBUG 31272 --- [viaseguraapi] [main] swordEncoderAuthenticationManagerBuilder : No authenticationProviders and no parentAuthenticationManager defined. Returning null.
2025-09-17T17:38:59.681-03:00 DEBUG 31272 --- [viaseguraapi] [main] o.s.s.web.DefaultSecurityFilterChain     : Will secure any request with filters: DisableEncodeUrlFilter, WebAsyncManagerIntegrationFilter, SecurityContextHolderFilter, HeaderWriterFilter, CsrfFilter, LogoutFilter, OAuth2AuthorizationRequestRedirectFilter, OAuth2AuthorizationRequestRedirectFilter, OAuth2LoginAuthenticationFilter, DefaultResourcesFilter, DefaultLoginPageGeneratingFilter, DefaultLogoutPageGeneratingFilter, RequestCacheAwareFilter, SecurityContextHolderAwareRequestFilter, AnonymousAuthenticationFilter, OAuth2AuthorizationCodeGrantFilter, ExceptionTranslationFilter, AuthorizationFilter
2025-09-17T17:38:59.790-03:00 DEBUG 31272 --- [viaseguraapi] [main] s.w.s.m.m.a.RequestMappingHandlerAdapter : ControllerAdvice beans: 0 @ModelAttribute, 0 @InitBinder, 1 RequestBodyAdvice, 1 ResponseBodyAdvice
2025-09-17T17:38:59.837-03:00 DEBUG 31272 --- [viaseguraapi] [main] .m.m.a.ExceptionHandlerExceptionResolver : ControllerAdvice beans: 1 @ExceptionHandler, 1 ResponseBodyAdvice
2025-09-17T17:39:00.635-03:00  INFO 31272 --- [viaseguraapi] [main] c.g.s.viaseguraapi.Application           : Started Application in 7.463 seconds (process running for 8.741)
